#
# There is insufficient memory for the Java Runtime Environment to continue.
# Native memory allocation (malloc) failed to allocate 1292560 bytes for Chunk::new
# Possible reasons:
#   The system is out of physical RAM or swap space
#   The process is running with CompressedOops enabled, and the Java Heap may be blocking the growth of the native heap
# Possible solutions:
#   Reduce memory load on the system
#   Increase physical memory or swap space
#   Check if swap backing store is full
#   Decrease Java heap size (-Xmx/-Xms)
#   Decrease number of Java threads
#   Decrease Java thread stack sizes (-Xss)
#   Set larger code cache with -XX:ReservedCodeCacheSize=
#   JVM is running with Unscaled Compressed Oops mode in which the Java heap is
#     placed in the first 4GB address space. The Java Heap base address is the
#     maximum limit for the native heap growth. Please use -XX:HeapBaseMinAddress
#     to set the Java Heap base and to place the Java Heap above 4GB virtual address.
# This output file may be truncated or incomplete.
#
#  Out of Memory Error (arena.cpp:189), pid=20476, tid=14968
#
# JRE version: Java(TM) SE Runtime Environment (17.0.15+9) (build 17.0.15+9-LTS-241)
# Java VM: Java HotSpot(TM) 64-Bit Server VM (17.0.15+9-LTS-241, mixed mode, sharing, tiered, compressed oops, compressed class ptrs, g1 gc, windows-amd64)
# No core dump will be written. Minidumps are not enabled by default on client versions of Windows
#

---------------  S U M M A R Y ------------

Command Line: -XX:MaxMetaspaceSize=512m --add-opens=java.base/java.util=ALL-UNNAMED --add-opens=java.base/java.lang=ALL-UNNAMED --add-opens=java.base/java.lang.invoke=ALL-UNNAMED --add-opens=java.prefs/java.util.prefs=ALL-UNNAMED --add-opens=java.base/java.nio.charset=ALL-UNNAMED --add-opens=java.base/java.net=ALL-UNNAMED --add-opens=java.base/java.util.concurrent.atomic=ALL-UNNAMED -Xmx2048m -Dfile.encoding=windows-1252 -Duser.country=US -Duser.language=en -Duser.variant -javaagent:C:\Users\Company\.gradle\wrapper\dists\gradle-8.8-all\6gdy1pgp427xkqcjbxw3ylt6h\gradle-8.8\lib\agents\gradle-instrumentation-agent-8.8.jar org.gradle.launcher.daemon.bootstrap.GradleDaemon 8.8

Host: Intel(R) Core(TM) i5-8250U CPU @ 1.60GHz, 8 cores, 7G,  Windows 11 , 64 bit Build 26100 (10.0.26100.4202)
Time: Fri Jul  4 16:09:08 2025 Pakistan Standard Time elapsed time: 45.268931 seconds (0d 0h 0m 45s)

---------------  T H R E A D  ---------------

Current thread (0x000001ff2a897ae0):  JavaThread "C2 CompilerThread0" daemon [_thread_in_native, id=14968, stack(0x0000008ede000000,0x0000008ede100000)]


Current CompileTask:
C2:  45269 7900       4       org.gradle.cache.internal.btree.FreeListBlockStore::read (12 bytes)

Stack: [0x0000008ede000000,0x0000008ede100000]
Native frames: (J=compiled Java code, j=interpreted, Vv=VM code, C=native code)
V  [jvm.dll+0x67a46a]
V  [jvm.dll+0x7da6ad]
V  [jvm.dll+0x7dbff3]
V  [jvm.dll+0x7dc663]
V  [jvm.dll+0x24523f]
V  [jvm.dll+0xab763]
V  [jvm.dll+0xabd2c]
V  [jvm.dll+0x361f0e]
V  [jvm.dll+0x32c5e1]
V  [jvm.dll+0x32ba7a]
V  [jvm.dll+0x2169ef]
V  [jvm.dll+0x215e1f]
V  [jvm.dll+0x1a2a00]
V  [jvm.dll+0x2262bb]
V  [jvm.dll+0x22445b]
V  [jvm.dll+0x790acc]
V  [jvm.dll+0x78b0ba]
V  [jvm.dll+0x679355]
C  [ucrtbase.dll+0x37b0]
C  [KERNEL32.DLL+0x2e8d7]
C  [ntdll.dll+0x3c34c]


---------------  P R O C E S S  ---------------

Threads class SMR info:
_java_thread_list=0x000001ff4cc93f10, length=64, elements={
0x000001ff0c624000, 0x000001ff2a878f70, 0x000001ff2a87a1d0, 0x000001ff2a8913a0,
0x000001ff2a891d60, 0x000001ff2a892dc0, 0x000001ff2a893680, 0x000001ff2a897ae0,
0x000001ff2a8a26c0, 0x000001ff2aa00090, 0x000001ff2a866ff0, 0x000001ff2abb9c40,
0x000001ff4aa75800, 0x000001ff4a48c630, 0x000001ff4a43f0e0, 0x000001ff4b688820,
0x000001ff4a6109f0, 0x000001ff4a585f20, 0x000001ff4a58c0c0, 0x000001ff2ad485a0,
0x000001ff4a305d70, 0x000001ff4a309260, 0x000001ff4a3088c0, 0x000001ff4a307580,
0x000001ff4a306240, 0x000001ff4a3058a0, 0x000001ff4a307f20, 0x000001ff4a307a50,
0x000001ff4a306710, 0x000001ff4a3070b0, 0x000001ff4a3083f0, 0x000001ff4cd82f10,
0x000001ff4cd850c0, 0x000001ff4cd84bf0, 0x000001ff4cd85590, 0x000001ff4cd86400,
0x000001ff4cd85f30, 0x000001ff4cd82a40, 0x000001ff4cd87c10, 0x000001ff4cd87270,
0x000001ff4cd89420, 0x000001ff4cd86da0, 0x000001ff4cd88f50, 0x000001ff4cd885b0,
0x000001ff4cd87740, 0x000001ff4cd898f0, 0x000001ff4cd88a80, 0x000001ff4cd868d0,
0x000001ff4cd89dc0, 0x000001ff4c14ebb0, 0x000001ff4c14f550, 0x000001ff4c14e210,
0x000001ff4c14c530, 0x000001ff4c14d870, 0x000001ff4c14e6e0, 0x000001ff4c14fa20,
0x000001ff4c14ca00, 0x000001ff4c14c060, 0x000001ff4c14f080, 0x000001ff4c14fef0,
0x000001ff4c1503c0, 0x000001ff4c14ced0, 0x000001ff4c14dd40, 0x000001ff4b4ba9c0
}

Java Threads: ( => current thread )
  0x000001ff0c624000 JavaThread "main" [_thread_blocked, id=6548, stack(0x0000008edd300000,0x0000008edd400000)]
  0x000001ff2a878f70 JavaThread "Reference Handler" daemon [_thread_blocked, id=24472, stack(0x0000008edda00000,0x0000008eddb00000)]
  0x000001ff2a87a1d0 JavaThread "Finalizer" daemon [_thread_blocked, id=10600, stack(0x0000008eddb00000,0x0000008eddc00000)]
  0x000001ff2a8913a0 JavaThread "Signal Dispatcher" daemon [_thread_blocked, id=14412, stack(0x0000008eddc00000,0x0000008eddd00000)]
  0x000001ff2a891d60 JavaThread "Attach Listener" daemon [_thread_blocked, id=22356, stack(0x0000008eddd00000,0x0000008edde00000)]
  0x000001ff2a892dc0 JavaThread "Service Thread" daemon [_thread_blocked, id=21988, stack(0x0000008edde00000,0x0000008eddf00000)]
  0x000001ff2a893680 JavaThread "Monitor Deflation Thread" daemon [_thread_blocked, id=23572, stack(0x0000008eddf00000,0x0000008ede000000)]
=>0x000001ff2a897ae0 JavaThread "C2 CompilerThread0" daemon [_thread_in_native, id=14968, stack(0x0000008ede000000,0x0000008ede100000)]
  0x000001ff2a8a26c0 JavaThread "C1 CompilerThread0" daemon [_thread_blocked, id=9184, stack(0x0000008ede100000,0x0000008ede200000)]
  0x000001ff2aa00090 JavaThread "Sweeper thread" daemon [_thread_blocked, id=16908, stack(0x0000008ede200000,0x0000008ede300000)]
  0x000001ff2a866ff0 JavaThread "Common-Cleaner" daemon [_thread_blocked, id=12584, stack(0x0000008ede300000,0x0000008ede400000)]
  0x000001ff2abb9c40 JavaThread "Notification Thread" daemon [_thread_blocked, id=11468, stack(0x0000008ede400000,0x0000008ede500000)]
  0x000001ff4aa75800 JavaThread "Daemon health stats" [_thread_blocked, id=25276, stack(0x0000008ede700000,0x0000008ede800000)]
  0x000001ff4a48c630 JavaThread "Incoming local TCP Connector on port 57424" [_thread_in_native, id=14432, stack(0x0000008edeb00000,0x0000008edec00000)]
  0x000001ff4a43f0e0 JavaThread "Daemon periodic checks" [_thread_blocked, id=22100, stack(0x0000008edec00000,0x0000008eded00000)]
  0x000001ff4b688820 JavaThread "Daemon" [_thread_blocked, id=23220, stack(0x0000008eded00000,0x0000008edee00000)]
  0x000001ff4a6109f0 JavaThread "Handler for socket connection from /127.0.0.1:57424 to /127.0.0.1:57425" [_thread_in_native, id=3160, stack(0x0000008edee00000,0x0000008edef00000)]
  0x000001ff4a585f20 JavaThread "Cancel handler" [_thread_blocked, id=19356, stack(0x0000008edef00000,0x0000008edf000000)]
  0x000001ff4a58c0c0 JavaThread "Daemon worker" [_thread_blocked, id=21168, stack(0x0000008edf000000,0x0000008edf100000)]
  0x000001ff2ad485a0 JavaThread "Asynchronous log dispatcher for DefaultDaemonConnection: socket connection from /127.0.0.1:57424 to /127.0.0.1:57425" [_thread_blocked, id=9404, stack(0x0000008edf100000,0x0000008edf200000)]
  0x000001ff4a305d70 JavaThread "Stdin handler" [_thread_blocked, id=18868, stack(0x0000008edf200000,0x0000008edf300000)]
  0x000001ff4a309260 JavaThread "Daemon client event forwarder" [_thread_blocked, id=12324, stack(0x0000008edf300000,0x0000008edf400000)]
  0x000001ff4a3088c0 JavaThread "Cache worker for journal cache (C:\Users\Company\.gradle\caches\journal-1)" [_thread_blocked, id=7452, stack(0x0000008edf700000,0x0000008edf800000)]
  0x000001ff4a307580 JavaThread "File lock request listener" [_thread_in_native, id=13228, stack(0x0000008edf800000,0x0000008edf900000)]
  0x000001ff4a306240 JavaThread "Cache worker for file hash cache (C:\Users\Company\.gradle\caches\8.8\fileHashes)" [_thread_in_native, id=5080, stack(0x0000008edf900000,0x0000008edfa00000)]
  0x000001ff4a3058a0 JavaThread "Cache worker for file hash cache (D:\ClinicApp\clinicapp\MeddocClinic\android\.gradle\8.8\fileHashes)" [_thread_blocked, id=19080, stack(0x0000008edfb00000,0x0000008edfc00000)]
  0x000001ff4a307f20 JavaThread "File watcher server" daemon [_thread_in_native, id=24992, stack(0x0000008edfc00000,0x0000008edfd00000)]
  0x000001ff4a307a50 JavaThread "File watcher consumer" daemon [_thread_blocked, id=11420, stack(0x0000008edfd00000,0x0000008edfe00000)]
  0x000001ff4a306710 JavaThread "Cache worker for checksums cache (D:\ClinicApp\clinicapp\MeddocClinic\android\.gradle\8.8\checksums)" [_thread_blocked, id=19212, stack(0x0000008edff00000,0x0000008ee0000000)]
  0x000001ff4a3070b0 JavaThread "Cache worker for file content cache (C:\Users\Company\.gradle\caches\8.8\fileContent)" [_thread_blocked, id=9804, stack(0x0000008edfa00000,0x0000008edfb00000)]
  0x000001ff4a3083f0 JavaThread "Cache worker for cache directory md-rule (C:\Users\Company\.gradle\caches\8.8\md-rule)" [_thread_blocked, id=6812, stack(0x0000008ee0100000,0x0000008ee0200000)]
  0x000001ff4cd82f10 JavaThread "Cache worker for cache directory md-supplier (C:\Users\Company\.gradle\caches\8.8\md-supplier)" [_thread_blocked, id=23404, stack(0x0000008ee0300000,0x0000008ee0400000)]
  0x000001ff4cd850c0 JavaThread "jar transforms" [_thread_blocked, id=21976, stack(0x0000008ee0400000,0x0000008ee0500000)]
  0x000001ff4cd84bf0 JavaThread "Unconstrained build operations" [_thread_blocked, id=23736, stack(0x0000008ee0000000,0x0000008ee0100000)]
  0x000001ff4cd85590 JavaThread "Unconstrained build operations Thread 2" [_thread_blocked, id=24920, stack(0x0000008ee0200000,0x0000008ee0300000)]
  0x000001ff4cd86400 JavaThread "Unconstrained build operations Thread 3" [_thread_blocked, id=10564, stack(0x0000008ee0500000,0x0000008ee0600000)]
  0x000001ff4cd85f30 JavaThread "Unconstrained build operations Thread 4" [_thread_blocked, id=1524, stack(0x0000008ee0600000,0x0000008ee0700000)]
  0x000001ff4cd82a40 JavaThread "Unconstrained build operations Thread 5" [_thread_blocked, id=19020, stack(0x0000008ee0800000,0x0000008ee0900000)]
  0x000001ff4cd87c10 JavaThread "Unconstrained build operations Thread 6" [_thread_blocked, id=8260, stack(0x0000008ee0900000,0x0000008ee0a00000)]
  0x000001ff4cd87270 JavaThread "Cache worker for Build Output Cleanup Cache (D:\ClinicApp\clinicapp\MeddocClinic\node_modules\@react-native\gradle-plugin\.gradle\buildOutputCleanup)" [_thread_blocked, id=25060, stack(0x0000008ee0a00000,0x0000008ee0b00000)]
  0x000001ff4cd89420 JavaThread "Unconstrained build operations Thread 7" [_thread_blocked, id=12916, stack(0x0000008ee0b00000,0x0000008ee0c00000)]
  0x000001ff4cd86da0 JavaThread "Unconstrained build operations Thread 8" [_thread_blocked, id=9956, stack(0x0000008ee0c00000,0x0000008ee0d00000)]
  0x000001ff4cd88f50 JavaThread "Unconstrained build operations Thread 9" [_thread_blocked, id=20416, stack(0x0000008ee0d00000,0x0000008ee0e00000)]
  0x000001ff4cd885b0 JavaThread "Unconstrained build operations Thread 10" [_thread_blocked, id=19404, stack(0x0000008ee0e00000,0x0000008ee0f00000)]
  0x000001ff4cd87740 JavaThread "Unconstrained build operations Thread 11" [_thread_blocked, id=18420, stack(0x0000008ee0f00000,0x0000008ee1000000)]
  0x000001ff4cd898f0 JavaThread "Unconstrained build operations Thread 12" [_thread_blocked, id=1132, stack(0x0000008ee1000000,0x0000008ee1100000)]
  0x000001ff4cd88a80 JavaThread "Unconstrained build operations Thread 13" [_thread_blocked, id=13740, stack(0x0000008ee1100000,0x0000008ee1200000)]
  0x000001ff4cd868d0 JavaThread "Unconstrained build operations Thread 14" [_thread_blocked, id=13396, stack(0x0000008ee1200000,0x0000008ee1300000)]
  0x000001ff4cd89dc0 JavaThread "Unconstrained build operations Thread 15" [_thread_blocked, id=13796, stack(0x0000008ee1300000,0x0000008ee1400000)]
  0x000001ff4c14ebb0 JavaThread "Unconstrained build operations Thread 16" [_thread_blocked, id=4640, stack(0x0000008ee1400000,0x0000008ee1500000)]
  0x000001ff4c14f550 JavaThread "Unconstrained build operations Thread 17" [_thread_blocked, id=15412, stack(0x0000008ee1500000,0x0000008ee1600000)]
  0x000001ff4c14e210 JavaThread "Unconstrained build operations Thread 18" [_thread_blocked, id=6908, stack(0x0000008ee1600000,0x0000008ee1700000)]
  0x000001ff4c14c530 JavaThread "Unconstrained build operations Thread 19" [_thread_blocked, id=15428, stack(0x0000008ee1700000,0x0000008ee1800000)]
  0x000001ff4c14d870 JavaThread "Unconstrained build operations Thread 20" [_thread_blocked, id=12832, stack(0x0000008ee1800000,0x0000008ee1900000)]
  0x000001ff4c14e6e0 JavaThread "Unconstrained build operations Thread 21" [_thread_blocked, id=12760, stack(0x0000008ee1900000,0x0000008ee1a00000)]
  0x000001ff4c14fa20 JavaThread "Unconstrained build operations Thread 22" [_thread_blocked, id=18244, stack(0x0000008ee1a00000,0x0000008ee1b00000)]
  0x000001ff4c14ca00 JavaThread "Unconstrained build operations Thread 23" [_thread_blocked, id=13160, stack(0x0000008ee1b00000,0x0000008ee1c00000)]
  0x000001ff4c14c060 JavaThread "Unconstrained build operations Thread 24" [_thread_blocked, id=23176, stack(0x0000008ee1c00000,0x0000008ee1d00000)]
  0x000001ff4c14f080 JavaThread "Unconstrained build operations Thread 25" [_thread_blocked, id=5604, stack(0x0000008ee1d00000,0x0000008ee1e00000)]
  0x000001ff4c14fef0 JavaThread "Unconstrained build operations Thread 26" [_thread_blocked, id=2492, stack(0x0000008ee1e00000,0x0000008ee1f00000)]
  0x000001ff4c1503c0 JavaThread "Unconstrained build operations Thread 27" [_thread_blocked, id=23988, stack(0x0000008ee1f00000,0x0000008ee2000000)]
  0x000001ff4c14ced0 JavaThread "Memory manager" [_thread_blocked, id=22156, stack(0x0000008ee2000000,0x0000008ee2100000)]
  0x000001ff4c14dd40 JavaThread "build event listener" [_thread_blocked, id=19992, stack(0x0000008ee2100000,0x0000008ee2200000)]
  0x000001ff4b4ba9c0 JavaThread "C2 CompilerThread1" daemon [_thread_in_native, id=20660, stack(0x0000008ee2300000,0x0000008ee2400000)]

Other Threads:
  0x000001ff2a876e30 VMThread "VM Thread" [stack: 0x0000008edd900000,0x0000008edda00000] [id=11228]
  0x000001ff2abedec0 WatcherThread [stack: 0x0000008ede500000,0x0000008ede600000] [id=8712]
  0x000001ff0c684140 GCTaskThread "GC Thread#0" [stack: 0x0000008edd400000,0x0000008edd500000] [id=16600]
  0x000001ff4ae46bf0 GCTaskThread "GC Thread#1" [stack: 0x0000008ede800000,0x0000008ede900000] [id=12820]
  0x000001ff4ac2e800 GCTaskThread "GC Thread#2" [stack: 0x0000008ede900000,0x0000008edea00000] [id=15844]
  0x000001ff4a59f860 GCTaskThread "GC Thread#3" [stack: 0x0000008edea00000,0x0000008edeb00000] [id=2104]
  0x000001ff4ac99820 GCTaskThread "GC Thread#4" [stack: 0x0000008ede600000,0x0000008ede700000] [id=12528]
  0x000001ff4a674190 GCTaskThread "GC Thread#5" [stack: 0x0000008edf400000,0x0000008edf500000] [id=22072]
  0x000001ff4a673ed0 GCTaskThread "GC Thread#6" [stack: 0x0000008edf500000,0x0000008edf600000] [id=15036]
  0x000001ff4a674450 GCTaskThread "GC Thread#7" [stack: 0x0000008edf600000,0x0000008edf700000] [id=11528]
  0x000001ff0c695c70 ConcurrentGCThread "G1 Main Marker" [stack: 0x0000008edd500000,0x0000008edd600000] [id=18280]
  0x000001ff0c697d40 ConcurrentGCThread "G1 Conc#0" [stack: 0x0000008edd600000,0x0000008edd700000] [id=1028]
  0x000001ff4a674710 ConcurrentGCThread "G1 Conc#1" [stack: 0x0000008edfe00000,0x0000008edff00000] [id=21228]
  0x000001ff2a727150 ConcurrentGCThread "G1 Refine#0" [stack: 0x0000008edd700000,0x0000008edd800000] [id=19064]
  0x000001ff2a728940 ConcurrentGCThread "G1 Service" [stack: 0x0000008edd800000,0x0000008edd900000] [id=15832]

Threads with active compile tasks:
C2 CompilerThread0    45554 7900       4       org.gradle.cache.internal.btree.FreeListBlockStore::read (12 bytes)
C2 CompilerThread1    45554 7901       4       org.gradle.cache.internal.btree.CachingBlockStore::read (56 bytes)

VM state: not at safepoint (normal execution)

VM Mutex/Monitor currently owned by a thread: None

Heap address: 0x0000000080000000, size: 2048 MB, Compressed Oops mode: 32-bit

CDS archive(s) mapped at: [0x000001ff2b000000-0x000001ff2bbd0000-0x000001ff2bbd0000), size 12386304, SharedBaseAddress: 0x000001ff2b000000, ArchiveRelocationMode: 1.
Compressed class space mapped at: 0x000001ff2c000000-0x000001ff46000000, reserved size: 436207616
Narrow klass base: 0x000001ff2b000000, Narrow klass shift: 0, Narrow klass range: 0x100000000

GC Precious Log:
 CPUs: 8 total, 8 available
 Memory: 8035M
 Large Page Support: Disabled
 NUMA Support: Disabled
 Compressed Oops: Enabled (32-bit)
 Heap Region Size: 1M
 Heap Min Capacity: 8M
 Heap Initial Capacity: 126M
 Heap Max Capacity: 2G
 Pre-touch: Disabled
 Parallel Workers: 8
 Concurrent Workers: 2
 Concurrent Refinement Workers: 8
 Periodic GC: Disabled

Heap:
 garbage-first heap   total 156672K, used 100359K [0x0000000080000000, 0x0000000100000000)
  region size 1024K, 34 young (34816K), 1 survivors (1024K)
 Metaspace       used 63138K, committed 63872K, reserved 491520K
  class space    used 8941K, committed 9280K, reserved 425984K

Heap Regions: E=young(eden), S=young(survivor), O=old, HS=humongous(starts), HC=humongous(continues), CS=collection set, F=free, OA=open archive, CA=closed archive, TAMS=top-at-mark-start (previous, next)
|   0|0x0000000080000000, 0x0000000080100000, 0x0000000080100000|100%|HS|  |TAMS 0x0000000080100000, 0x0000000080000000| Complete 
|   1|0x0000000080100000, 0x0000000080200000, 0x0000000080200000|100%|HC|  |TAMS 0x0000000080200000, 0x0000000080100000| Complete 
|   2|0x0000000080200000, 0x0000000080300000, 0x0000000080300000|100%|HC|  |TAMS 0x0000000080300000, 0x0000000080200000| Complete 
|   3|0x0000000080300000, 0x0000000080400000, 0x0000000080400000|100%|HC|  |TAMS 0x0000000080400000, 0x0000000080300000| Complete 
|   4|0x0000000080400000, 0x0000000080500000, 0x0000000080500000|100%| O|  |TAMS 0x0000000080500000, 0x0000000080400000| Untracked 
|   5|0x0000000080500000, 0x0000000080600000, 0x0000000080600000|100%| O|  |TAMS 0x0000000080600000, 0x0000000080500000| Untracked 
|   6|0x0000000080600000, 0x0000000080700000, 0x0000000080700000|100%| O|  |TAMS 0x0000000080700000, 0x0000000080600000| Untracked 
|   7|0x0000000080700000, 0x0000000080800000, 0x0000000080800000|100%| O|  |TAMS 0x0000000080800000, 0x0000000080700000| Untracked 
|   8|0x0000000080800000, 0x0000000080900000, 0x0000000080900000|100%| O|  |TAMS 0x0000000080900000, 0x0000000080800000| Untracked 
|   9|0x0000000080900000, 0x0000000080a00000, 0x0000000080a00000|100%| O|  |TAMS 0x0000000080a00000, 0x0000000080900000| Untracked 
|  10|0x0000000080a00000, 0x0000000080b00000, 0x0000000080b00000|100%| O|  |TAMS 0x0000000080b00000, 0x0000000080a00000| Untracked 
|  11|0x0000000080b00000, 0x0000000080c00000, 0x0000000080c00000|100%|HS|  |TAMS 0x0000000080c00000, 0x0000000080b00000| Complete 
|  12|0x0000000080c00000, 0x0000000080d00000, 0x0000000080d00000|100%| O|  |TAMS 0x0000000080d00000, 0x0000000080c00000| Untracked 
|  13|0x0000000080d00000, 0x0000000080e00000, 0x0000000080e00000|100%| O|  |TAMS 0x0000000080e00000, 0x0000000080d00000| Untracked 
|  14|0x0000000080e00000, 0x0000000080f00000, 0x0000000080f00000|100%| O|  |TAMS 0x0000000080f00000, 0x0000000080e00000| Untracked 
|  15|0x0000000080f00000, 0x0000000081000000, 0x0000000081000000|100%| O|  |TAMS 0x0000000081000000, 0x0000000080f00000| Untracked 
|  16|0x0000000081000000, 0x0000000081100000, 0x0000000081100000|100%| O|  |TAMS 0x0000000081100000, 0x0000000081000000| Untracked 
|  17|0x0000000081100000, 0x0000000081200000, 0x0000000081200000|100%| O|  |TAMS 0x0000000081200000, 0x0000000081100000| Untracked 
|  18|0x0000000081200000, 0x0000000081300000, 0x0000000081300000|100%| O|  |TAMS 0x0000000081300000, 0x0000000081200000| Untracked 
|  19|0x0000000081300000, 0x0000000081400000, 0x0000000081400000|100%| O|  |TAMS 0x0000000081400000, 0x0000000081300000| Untracked 
|  20|0x0000000081400000, 0x0000000081500000, 0x0000000081500000|100%| O|  |TAMS 0x0000000081500000, 0x0000000081400000| Untracked 
|  21|0x0000000081500000, 0x0000000081600000, 0x0000000081600000|100%| O|  |TAMS 0x0000000081600000, 0x0000000081500000| Untracked 
|  22|0x0000000081600000, 0x0000000081700000, 0x0000000081700000|100%| O|  |TAMS 0x0000000081700000, 0x0000000081600000| Untracked 
|  23|0x0000000081700000, 0x0000000081800000, 0x0000000081800000|100%| O|  |TAMS 0x0000000081800000, 0x0000000081700000| Untracked 
|  24|0x0000000081800000, 0x0000000081800000, 0x0000000081900000|  0%| F|  |TAMS 0x0000000081800000, 0x0000000081800000| Untracked 
|  25|0x0000000081900000, 0x0000000081a00000, 0x0000000081a00000|100%| O|  |TAMS 0x0000000081a00000, 0x0000000081900000| Untracked 
|  26|0x0000000081a00000, 0x0000000081b00000, 0x0000000081b00000|100%| O|  |TAMS 0x0000000081b00000, 0x0000000081a00000| Untracked 
|  27|0x0000000081b00000, 0x0000000081c00000, 0x0000000081c00000|100%| O|  |TAMS 0x0000000081c00000, 0x0000000081b00000| Untracked 
|  28|0x0000000081c00000, 0x0000000081d00000, 0x0000000081d00000|100%| O|  |TAMS 0x0000000081c00000, 0x0000000081c00000| Untracked 
|  29|0x0000000081d00000, 0x0000000081e00000, 0x0000000081e00000|100%| O|  |TAMS 0x0000000081e00000, 0x0000000081d00000| Untracked 
|  30|0x0000000081e00000, 0x0000000081f00000, 0x0000000081f00000|100%| O|  |TAMS 0x0000000081f00000, 0x0000000081e00000| Untracked 
|  31|0x0000000081f00000, 0x0000000082000000, 0x0000000082000000|100%| O|  |TAMS 0x0000000082000000, 0x0000000081f00000| Untracked 
|  32|0x0000000082000000, 0x0000000082100000, 0x0000000082100000|100%| O|  |TAMS 0x0000000082100000, 0x0000000082000000| Untracked 
|  33|0x0000000082100000, 0x0000000082200000, 0x0000000082200000|100%| O|  |TAMS 0x0000000082200000, 0x0000000082100000| Untracked 
|  34|0x0000000082200000, 0x0000000082300000, 0x0000000082300000|100%| O|  |TAMS 0x0000000082300000, 0x0000000082200000| Untracked 
|  35|0x0000000082300000, 0x0000000082400000, 0x0000000082400000|100%| O|  |TAMS 0x0000000082400000, 0x0000000082300000| Untracked 
|  36|0x0000000082400000, 0x0000000082500000, 0x0000000082500000|100%| O|  |TAMS 0x0000000082500000, 0x0000000082400000| Untracked 
|  37|0x0000000082500000, 0x0000000082600000, 0x0000000082600000|100%| O|  |TAMS 0x0000000082600000, 0x0000000082500000| Untracked 
|  38|0x0000000082600000, 0x0000000082700000, 0x0000000082700000|100%| O|  |TAMS 0x0000000082700000, 0x0000000082600000| Untracked 
|  39|0x0000000082700000, 0x0000000082800000, 0x0000000082800000|100%| O|  |TAMS 0x0000000082800000, 0x0000000082700000| Untracked 
|  40|0x0000000082800000, 0x0000000082900000, 0x0000000082900000|100%| O|  |TAMS 0x0000000082900000, 0x0000000082800000| Untracked 
|  41|0x0000000082900000, 0x0000000082a00000, 0x0000000082a00000|100%| O|  |TAMS 0x0000000082a00000, 0x0000000082900000| Untracked 
|  42|0x0000000082a00000, 0x0000000082b00000, 0x0000000082b00000|100%| O|  |TAMS 0x0000000082b00000, 0x0000000082a00000| Untracked 
|  43|0x0000000082b00000, 0x0000000082c00000, 0x0000000082c00000|100%| O|  |TAMS 0x0000000082c00000, 0x0000000082b00000| Untracked 
|  44|0x0000000082c00000, 0x0000000082d00000, 0x0000000082d00000|100%| O|  |TAMS 0x0000000082d00000, 0x0000000082c00000| Untracked 
|  45|0x0000000082d00000, 0x0000000082e00000, 0x0000000082e00000|100%| O|  |TAMS 0x0000000082e00000, 0x0000000082d00000| Untracked 
|  46|0x0000000082e00000, 0x0000000082f00000, 0x0000000082f00000|100%| O|  |TAMS 0x0000000082f00000, 0x0000000082e00000| Untracked 
|  47|0x0000000082f00000, 0x0000000083000000, 0x0000000083000000|100%|HS|  |TAMS 0x0000000083000000, 0x0000000082f00000| Complete 
|  48|0x0000000083000000, 0x0000000083100000, 0x0000000083100000|100%|HC|  |TAMS 0x0000000083100000, 0x0000000083000000| Complete 
|  49|0x0000000083100000, 0x0000000083200000, 0x0000000083200000|100%|HS|  |TAMS 0x0000000083200000, 0x0000000083100000| Complete 
|  50|0x0000000083200000, 0x0000000083300000, 0x0000000083300000|100%|HC|  |TAMS 0x0000000083300000, 0x0000000083200000| Complete 
|  51|0x0000000083300000, 0x0000000083400000, 0x0000000083400000|100%|HS|  |TAMS 0x0000000083400000, 0x0000000083300000| Complete 
|  52|0x0000000083400000, 0x0000000083500000, 0x0000000083500000|100%|HC|  |TAMS 0x0000000083500000, 0x0000000083400000| Complete 
|  53|0x0000000083500000, 0x0000000083600000, 0x0000000083600000|100%|HC|  |TAMS 0x0000000083600000, 0x0000000083500000| Complete 
|  54|0x0000000083600000, 0x0000000083700000, 0x0000000083700000|100%|HC|  |TAMS 0x0000000083700000, 0x0000000083600000| Complete 
|  55|0x0000000083700000, 0x0000000083800000, 0x0000000083800000|100%|HS|  |TAMS 0x0000000083800000, 0x0000000083700000| Complete 
|  56|0x0000000083800000, 0x0000000083900000, 0x0000000083900000|100%|HC|  |TAMS 0x0000000083900000, 0x0000000083800000| Complete 
|  57|0x0000000083900000, 0x0000000083a00000, 0x0000000083a00000|100%|HC|  |TAMS 0x0000000083a00000, 0x0000000083900000| Complete 
|  58|0x0000000083a00000, 0x0000000083b00000, 0x0000000083b00000|100%|HC|  |TAMS 0x0000000083b00000, 0x0000000083a00000| Complete 
|  59|0x0000000083b00000, 0x0000000083c00000, 0x0000000083c00000|100%| O|  |TAMS 0x0000000083b6cc00, 0x0000000083b00000| Untracked 
|  60|0x0000000083c00000, 0x0000000083d00000, 0x0000000083d00000|100%| O|  |TAMS 0x0000000083d00000, 0x0000000083c00000| Untracked 
|  61|0x0000000083d00000, 0x0000000083e00000, 0x0000000083e00000|100%| O|  |TAMS 0x0000000083e00000, 0x0000000083d00000| Untracked 
|  62|0x0000000083e00000, 0x0000000083f00000, 0x0000000083f00000|100%| O|  |TAMS 0x0000000083e00000, 0x0000000083e00000| Untracked 
|  63|0x0000000083f00000, 0x0000000084000000, 0x0000000084000000|100%| O|  |TAMS 0x0000000083f00000, 0x0000000083f00000| Untracked 
|  64|0x0000000084000000, 0x0000000084100000, 0x0000000084100000|100%| O|  |TAMS 0x0000000084000000, 0x0000000084000000| Untracked 
|  65|0x0000000084100000, 0x0000000084200000, 0x0000000084200000|100%| O|  |TAMS 0x0000000084200000, 0x0000000084100000| Untracked 
|  66|0x0000000084200000, 0x000000008424e600, 0x0000000084300000| 30%| O|  |TAMS 0x0000000084200000, 0x0000000084200000| Untracked 
|  67|0x0000000084300000, 0x0000000084300000, 0x0000000084400000|  0%| F|  |TAMS 0x0000000084300000, 0x0000000084300000| Untracked 
|  68|0x0000000084400000, 0x0000000084400000, 0x0000000084500000|  0%| F|  |TAMS 0x0000000084400000, 0x0000000084400000| Untracked 
|  69|0x0000000084500000, 0x0000000084500000, 0x0000000084600000|  0%| F|  |TAMS 0x0000000084500000, 0x0000000084500000| Untracked 
|  70|0x0000000084600000, 0x0000000084600000, 0x0000000084700000|  0%| F|  |TAMS 0x0000000084600000, 0x0000000084600000| Untracked 
|  71|0x0000000084700000, 0x0000000084700000, 0x0000000084800000|  0%| F|  |TAMS 0x0000000084700000, 0x0000000084700000| Untracked 
|  72|0x0000000084800000, 0x0000000084800000, 0x0000000084900000|  0%| F|  |TAMS 0x0000000084800000, 0x0000000084800000| Untracked 
|  73|0x0000000084900000, 0x0000000084900000, 0x0000000084a00000|  0%| F|  |TAMS 0x0000000084900000, 0x0000000084900000| Untracked 
|  74|0x0000000084a00000, 0x0000000084a00000, 0x0000000084b00000|  0%| F|  |TAMS 0x0000000084a00000, 0x0000000084a00000| Untracked 
|  75|0x0000000084b00000, 0x0000000084b00000, 0x0000000084c00000|  0%| F|  |TAMS 0x0000000084b00000, 0x0000000084b00000| Untracked 
|  76|0x0000000084c00000, 0x0000000084c00000, 0x0000000084d00000|  0%| F|  |TAMS 0x0000000084c00000, 0x0000000084c00000| Untracked 
|  77|0x0000000084d00000, 0x0000000084d00000, 0x0000000084e00000|  0%| F|  |TAMS 0x0000000084d00000, 0x0000000084d00000| Untracked 
|  78|0x0000000084e00000, 0x0000000084e00000, 0x0000000084f00000|  0%| F|  |TAMS 0x0000000084e00000, 0x0000000084e00000| Untracked 
|  79|0x0000000084f00000, 0x0000000084f00000, 0x0000000085000000|  0%| F|  |TAMS 0x0000000084f00000, 0x0000000084f00000| Untracked 
|  80|0x0000000085000000, 0x0000000085000000, 0x0000000085100000|  0%| F|  |TAMS 0x0000000085000000, 0x0000000085000000| Untracked 
|  81|0x0000000085100000, 0x0000000085100000, 0x0000000085200000|  0%| F|  |TAMS 0x0000000085100000, 0x0000000085100000| Untracked 
|  82|0x0000000085200000, 0x0000000085200000, 0x0000000085300000|  0%| F|  |TAMS 0x0000000085200000, 0x0000000085200000| Untracked 
|  83|0x0000000085300000, 0x0000000085300000, 0x0000000085400000|  0%| F|  |TAMS 0x0000000085300000, 0x0000000085300000| Untracked 
|  84|0x0000000085400000, 0x0000000085400000, 0x0000000085500000|  0%| F|  |TAMS 0x0000000085400000, 0x0000000085400000| Untracked 
|  85|0x0000000085500000, 0x0000000085500000, 0x0000000085600000|  0%| F|  |TAMS 0x0000000085500000, 0x0000000085500000| Untracked 
|  86|0x0000000085600000, 0x0000000085600000, 0x0000000085700000|  0%| F|  |TAMS 0x0000000085600000, 0x0000000085600000| Untracked 
|  87|0x0000000085700000, 0x0000000085700000, 0x0000000085800000|  0%| F|  |TAMS 0x0000000085700000, 0x0000000085700000| Untracked 
|  88|0x0000000085800000, 0x0000000085800000, 0x0000000085900000|  0%| F|  |TAMS 0x0000000085800000, 0x0000000085800000| Untracked 
|  89|0x0000000085900000, 0x0000000085900000, 0x0000000085a00000|  0%| F|  |TAMS 0x0000000085900000, 0x0000000085900000| Untracked 
|  90|0x0000000085a00000, 0x0000000085a00000, 0x0000000085b00000|  0%| F|  |TAMS 0x0000000085a00000, 0x0000000085a00000| Untracked 
|  91|0x0000000085b00000, 0x0000000085b00000, 0x0000000085c00000|  0%| F|  |TAMS 0x0000000085b00000, 0x0000000085b00000| Untracked 
|  92|0x0000000085c00000, 0x0000000085c00000, 0x0000000085d00000|  0%| F|  |TAMS 0x0000000085c00000, 0x0000000085c00000| Untracked 
|  93|0x0000000085d00000, 0x0000000085d00000, 0x0000000085e00000|  0%| F|  |TAMS 0x0000000085d00000, 0x0000000085d00000| Untracked 
|  94|0x0000000085e00000, 0x0000000085e00000, 0x0000000085f00000|  0%| F|  |TAMS 0x0000000085e00000, 0x0000000085e00000| Untracked 
|  95|0x0000000085f00000, 0x0000000085f00000, 0x0000000086000000|  0%| F|  |TAMS 0x0000000085f00000, 0x0000000085f00000| Untracked 
|  96|0x0000000086000000, 0x0000000086000000, 0x0000000086100000|  0%| F|  |TAMS 0x0000000086000000, 0x0000000086000000| Untracked 
|  97|0x0000000086100000, 0x0000000086100000, 0x0000000086200000|  0%| F|  |TAMS 0x0000000086100000, 0x0000000086100000| Untracked 
|  98|0x0000000086200000, 0x0000000086200000, 0x0000000086300000|  0%| F|  |TAMS 0x0000000086200000, 0x0000000086200000| Untracked 
|  99|0x0000000086300000, 0x0000000086300000, 0x0000000086400000|  0%| F|  |TAMS 0x0000000086300000, 0x0000000086300000| Untracked 
| 100|0x0000000086400000, 0x0000000086400000, 0x0000000086500000|  0%| F|  |TAMS 0x0000000086400000, 0x0000000086400000| Untracked 
| 101|0x0000000086500000, 0x0000000086500000, 0x0000000086600000|  0%| F|  |TAMS 0x0000000086500000, 0x0000000086500000| Untracked 
| 102|0x0000000086600000, 0x0000000086600000, 0x0000000086700000|  0%| F|  |TAMS 0x0000000086600000, 0x0000000086600000| Untracked 
| 103|0x0000000086700000, 0x0000000086700000, 0x0000000086800000|  0%| F|  |TAMS 0x0000000086700000, 0x0000000086700000| Untracked 
| 104|0x0000000086800000, 0x0000000086800000, 0x0000000086900000|  0%| F|  |TAMS 0x0000000086800000, 0x0000000086800000| Untracked 
| 105|0x0000000086900000, 0x0000000086900000, 0x0000000086a00000|  0%| F|  |TAMS 0x0000000086900000, 0x0000000086900000| Untracked 
| 106|0x0000000086a00000, 0x0000000086a00000, 0x0000000086b00000|  0%| F|  |TAMS 0x0000000086a00000, 0x0000000086a00000| Untracked 
| 107|0x0000000086b00000, 0x0000000086b00000, 0x0000000086c00000|  0%| F|  |TAMS 0x0000000086b00000, 0x0000000086b00000| Untracked 
| 108|0x0000000086c00000, 0x0000000086c00000, 0x0000000086d00000|  0%| F|  |TAMS 0x0000000086c00000, 0x0000000086c00000| Untracked 
| 109|0x0000000086d00000, 0x0000000086d00000, 0x0000000086e00000|  0%| F|  |TAMS 0x0000000086d00000, 0x0000000086d00000| Untracked 
| 110|0x0000000086e00000, 0x0000000086e00000, 0x0000000086f00000|  0%| F|  |TAMS 0x0000000086e00000, 0x0000000086e00000| Untracked 
| 111|0x0000000086f00000, 0x0000000086f00000, 0x0000000087000000|  0%| F|  |TAMS 0x0000000086f00000, 0x0000000086f00000| Untracked 
| 112|0x0000000087000000, 0x0000000087000000, 0x0000000087100000|  0%| F|  |TAMS 0x0000000087000000, 0x0000000087000000| Untracked 
| 113|0x0000000087100000, 0x0000000087100000, 0x0000000087200000|  0%| F|  |TAMS 0x0000000087100000, 0x0000000087100000| Untracked 
| 114|0x0000000087200000, 0x0000000087200000, 0x0000000087300000|  0%| F|  |TAMS 0x0000000087200000, 0x0000000087200000| Untracked 
| 115|0x0000000087300000, 0x0000000087300000, 0x0000000087400000|  0%| F|  |TAMS 0x0000000087300000, 0x0000000087300000| Untracked 
| 116|0x0000000087400000, 0x0000000087400000, 0x0000000087500000|  0%| F|  |TAMS 0x0000000087400000, 0x0000000087400000| Untracked 
| 117|0x0000000087500000, 0x0000000087500000, 0x0000000087600000|  0%| F|  |TAMS 0x0000000087500000, 0x0000000087500000| Untracked 
| 118|0x0000000087600000, 0x0000000087600000, 0x0000000087700000|  0%| F|  |TAMS 0x0000000087600000, 0x0000000087600000| Untracked 
| 119|0x0000000087700000, 0x0000000087769f18, 0x0000000087800000| 41%| E|  |TAMS 0x0000000087700000, 0x0000000087700000| Complete 
| 120|0x0000000087800000, 0x00000000878b3940, 0x0000000087900000| 70%| S|CS|TAMS 0x0000000087800000, 0x0000000087800000| Complete 
| 121|0x0000000087900000, 0x0000000087a00000, 0x0000000087a00000|100%| E|CS|TAMS 0x0000000087900000, 0x0000000087900000| Complete 
| 122|0x0000000087a00000, 0x0000000087b00000, 0x0000000087b00000|100%| E|CS|TAMS 0x0000000087a00000, 0x0000000087a00000| Complete 
| 123|0x0000000087b00000, 0x0000000087c00000, 0x0000000087c00000|100%| E|CS|TAMS 0x0000000087b00000, 0x0000000087b00000| Complete 
| 124|0x0000000087c00000, 0x0000000087d00000, 0x0000000087d00000|100%| E|CS|TAMS 0x0000000087c00000, 0x0000000087c00000| Complete 
| 125|0x0000000087d00000, 0x0000000087e00000, 0x0000000087e00000|100%| E|CS|TAMS 0x0000000087d00000, 0x0000000087d00000| Complete 
| 126|0x0000000087e00000, 0x0000000087f00000, 0x0000000087f00000|100%| E|CS|TAMS 0x0000000087e00000, 0x0000000087e00000| Complete 
| 127|0x0000000087f00000, 0x0000000088000000, 0x0000000088000000|100%| E|CS|TAMS 0x0000000087f00000, 0x0000000087f00000| Complete 
| 128|0x0000000088000000, 0x0000000088100000, 0x0000000088100000|100%| E|CS|TAMS 0x0000000088000000, 0x0000000088000000| Complete 
| 129|0x0000000088100000, 0x0000000088200000, 0x0000000088200000|100%| E|CS|TAMS 0x0000000088100000, 0x0000000088100000| Complete 
| 130|0x0000000088200000, 0x0000000088300000, 0x0000000088300000|100%| E|CS|TAMS 0x0000000088200000, 0x0000000088200000| Complete 
| 131|0x0000000088300000, 0x0000000088400000, 0x0000000088400000|100%| E|CS|TAMS 0x0000000088300000, 0x0000000088300000| Complete 
| 132|0x0000000088400000, 0x0000000088500000, 0x0000000088500000|100%| E|CS|TAMS 0x0000000088400000, 0x0000000088400000| Complete 
| 133|0x0000000088500000, 0x0000000088600000, 0x0000000088600000|100%| E|CS|TAMS 0x0000000088500000, 0x0000000088500000| Complete 
| 134|0x0000000088600000, 0x0000000088700000, 0x0000000088700000|100%| E|CS|TAMS 0x0000000088600000, 0x0000000088600000| Complete 
| 135|0x0000000088700000, 0x0000000088800000, 0x0000000088800000|100%| E|CS|TAMS 0x0000000088700000, 0x0000000088700000| Complete 
| 136|0x0000000088800000, 0x0000000088900000, 0x0000000088900000|100%| E|CS|TAMS 0x0000000088800000, 0x0000000088800000| Complete 
| 137|0x0000000088900000, 0x0000000088a00000, 0x0000000088a00000|100%| E|CS|TAMS 0x0000000088900000, 0x0000000088900000| Complete 
| 138|0x0000000088a00000, 0x0000000088b00000, 0x0000000088b00000|100%| E|CS|TAMS 0x0000000088a00000, 0x0000000088a00000| Complete 
| 139|0x0000000088b00000, 0x0000000088c00000, 0x0000000088c00000|100%| E|CS|TAMS 0x0000000088b00000, 0x0000000088b00000| Complete 
| 140|0x0000000088c00000, 0x0000000088d00000, 0x0000000088d00000|100%| E|CS|TAMS 0x0000000088c00000, 0x0000000088c00000| Complete 
| 141|0x0000000088d00000, 0x0000000088e00000, 0x0000000088e00000|100%| E|CS|TAMS 0x0000000088d00000, 0x0000000088d00000| Complete 
| 142|0x0000000088e00000, 0x0000000088f00000, 0x0000000088f00000|100%| E|CS|TAMS 0x0000000088e00000, 0x0000000088e00000| Complete 
| 143|0x0000000088f00000, 0x0000000089000000, 0x0000000089000000|100%| E|CS|TAMS 0x0000000088f00000, 0x0000000088f00000| Complete 
| 144|0x0000000089000000, 0x0000000089100000, 0x0000000089100000|100%| E|CS|TAMS 0x0000000089000000, 0x0000000089000000| Complete 
| 145|0x0000000089100000, 0x0000000089200000, 0x0000000089200000|100%| E|CS|TAMS 0x0000000089100000, 0x0000000089100000| Complete 
| 146|0x0000000089200000, 0x0000000089300000, 0x0000000089300000|100%| E|CS|TAMS 0x0000000089200000, 0x0000000089200000| Complete 
| 147|0x0000000089300000, 0x0000000089400000, 0x0000000089400000|100%| E|CS|TAMS 0x0000000089300000, 0x0000000089300000| Complete 
| 148|0x0000000089400000, 0x0000000089500000, 0x0000000089500000|100%| E|CS|TAMS 0x0000000089400000, 0x0000000089400000| Complete 
| 149|0x0000000089500000, 0x0000000089600000, 0x0000000089600000|100%| E|CS|TAMS 0x0000000089500000, 0x0000000089500000| Complete 
| 150|0x0000000089600000, 0x0000000089700000, 0x0000000089700000|100%| E|CS|TAMS 0x0000000089600000, 0x0000000089600000| Complete 
| 151|0x0000000089700000, 0x0000000089800000, 0x0000000089800000|100%| E|CS|TAMS 0x0000000089700000, 0x0000000089700000| Complete 
| 152|0x0000000089800000, 0x0000000089900000, 0x0000000089900000|100%| E|CS|TAMS 0x0000000089800000, 0x0000000089800000| Complete 

Card table byte_map: [0x000001ff23640000,0x000001ff23a40000] _byte_map_base: 0x000001ff23240000

Marking Bits (Prev, Next): (CMBitMap*) 0x000001ff0c6846b0, (CMBitMap*) 0x000001ff0c684670
 Prev Bits: [0x000001ff25e40000, 0x000001ff27e40000)
 Next Bits: [0x000001ff23e40000, 0x000001ff25e40000)

Polling page: 0x000001ff0a3c0000

Metaspace:

Usage:
  Non-class:     52.93 MB used.
      Class:      8.73 MB used.
       Both:     61.66 MB used.

Virtual space:
  Non-class space:       64.00 MB reserved,      53.31 MB ( 83%) committed,  1 nodes.
      Class space:      416.00 MB reserved,       9.06 MB (  2%) committed,  1 nodes.
             Both:      480.00 MB reserved,      62.38 MB ( 13%) committed. 

Chunk freelists:
   Non-Class:  10.47 MB
       Class:  6.95 MB
        Both:  17.42 MB

MaxMetaspaceSize: 512.00 MB
CompressedClassSpaceSize: 416.00 MB
Initial GC threshold: 21.00 MB
Current GC threshold: 99.94 MB
CDS: on
MetaspaceReclaimPolicy: balanced
 - commit_granule_bytes: 65536.
 - commit_granule_words: 8192.
 - virtual_space_node_default_size: 8388608.
 - enlarge_chunks_in_place: 1.
 - new_chunks_are_fully_committed: 0.
 - uncommit_free_chunks: 1.
 - use_allocation_guard: 0.
 - handle_deallocations: 1.


Internal statistics:

num_allocs_failed_limit: 6.
num_arena_births: 880.
num_arena_deaths: 0.
num_vsnodes_births: 2.
num_vsnodes_deaths: 0.
num_space_committed: 998.
num_space_uncommitted: 0.
num_chunks_returned_to_freelist: 6.
num_chunks_taken_from_freelist: 3534.
num_chunk_merges: 3.
num_chunk_splits: 2289.
num_chunks_enlarged: 1506.
num_inconsistent_stats: 0.

CodeHeap 'non-profiled nmethods': size=120000Kb used=4196Kb max_used=4196Kb free=115803Kb
 bounds [0x000001ff1b9e0000, 0x000001ff1be00000, 0x000001ff22f10000]
CodeHeap 'profiled nmethods': size=120000Kb used=13945Kb max_used=13945Kb free=106055Kb
 bounds [0x000001ff13f10000, 0x000001ff14cb0000, 0x000001ff1b440000]
CodeHeap 'non-nmethods': size=5760Kb used=2365Kb max_used=2437Kb free=3395Kb
 bounds [0x000001ff1b440000, 0x000001ff1b6b0000, 0x000001ff1b9e0000]
 total_blobs=8076 nmethods=7184 adapters=802
 compilation: enabled
              stopped_count=0, restarted_count=0
 full_count=0

Compilation events (20 events):
Event: 43.233 Thread 0x000001ff2a8a26c0 7913       3       java.util.stream.Stream::empty (8 bytes)
Event: 43.234 Thread 0x000001ff2a8a26c0 nmethod 7913 0x000001ff14c9bc90 code [0x000001ff14c9be40, 0x000001ff14c9bfc8]
Event: 43.242 Thread 0x000001ff2a8a26c0 7914       3       org.gradle.internal.snapshot.MerkleDirectorySnapshotBuilder$Directory::<init> (43 bytes)
Event: 43.242 Thread 0x000001ff2a8a26c0 nmethod 7914 0x000001ff14c9c090 code [0x000001ff14c9c260, 0x000001ff14c9c838]
Event: 43.248 Thread 0x000001ff2a8a26c0 7915       3       sun.nio.fs.WindowsPath::getName (47 bytes)
Event: 43.249 Thread 0x000001ff2a8a26c0 nmethod 7915 0x000001ff14c9ca10 code [0x000001ff14c9cc00, 0x000001ff14c9d248]
Event: 43.249 Thread 0x000001ff2a8a26c0 7916       3       java.util.ArrayDeque::toArray (95 bytes)
Event: 43.249 Thread 0x000001ff2a8a26c0 nmethod 7916 0x000001ff14c9d410 code [0x000001ff14c9d620, 0x000001ff14c9de58]
Event: 43.249 Thread 0x000001ff2a8a26c0 7919       3       org.gradle.api.internal.changedetection.state.PropertiesFileAwareClasspathResourceHasher::matchesAnyFilters (26 bytes)
Event: 43.250 Thread 0x000001ff2a8a26c0 nmethod 7919 0x000001ff14c9e090 code [0x000001ff14c9e2e0, 0x000001ff14c9ed48]
Event: 43.250 Thread 0x000001ff2a8a26c0 7917       3       org.gradle.api.internal.changedetection.state.PropertiesFileAwareClasspathResourceHasher::hash (6 bytes)
Event: 43.250 Thread 0x000001ff2a8a26c0 nmethod 7917 0x000001ff14c9f090 code [0x000001ff14c9f220, 0x000001ff14c9f368]
Event: 43.250 Thread 0x000001ff2a8a26c0 7918       3       org.gradle.api.internal.changedetection.state.PropertiesFileAwareClasspathResourceHasher::filter (11 bytes)
Event: 43.251 Thread 0x000001ff2a8a26c0 nmethod 7918 0x000001ff14c9f410 code [0x000001ff14c9f680, 0x000001ff14ca01c8]
Event: 43.251 Thread 0x000001ff2a8a26c0 7920       3       org.gradle.api.internal.changedetection.state.PropertiesFileAwareClasspathResourceHasher$$Lambda$587/0x000001ff2c49eb80::<init> (10 bytes)
Event: 43.251 Thread 0x000001ff2a8a26c0 nmethod 7920 0x000001ff14ca0590 code [0x000001ff14ca0720, 0x000001ff14ca08d8]
Event: 43.251 Thread 0x000001ff2a8a26c0 7921       3       org.gradle.api.internal.changedetection.state.RuntimeClasspathResourceHasher::hash (10 bytes)
Event: 43.251 Thread 0x000001ff2a8a26c0 nmethod 7921 0x000001ff14ca0990 code [0x000001ff14ca0b20, 0x000001ff14ca0cb8]
Event: 44.268 Thread 0x000001ff2a8a26c0 7922       1       org.gradle.api.internal.artifacts.repositories.AbstractArtifactRepository::getName (5 bytes)
Event: 44.269 Thread 0x000001ff2a8a26c0 nmethod 7922 0x000001ff1bdf8d10 code [0x000001ff1bdf8ea0, 0x000001ff1bdf8f78]

GC Heap History (20 events):
Event: 38.067 GC heap before
{Heap before GC invocations=15 (full 0):
 garbage-first heap   total 89088K, used 70318K [0x0000000080000000, 0x0000000100000000)
  region size 1024K, 33 young (33792K), 5 survivors (5120K)
 Metaspace       used 52305K, committed 52800K, reserved 491520K
  class space    used 7364K, committed 7616K, reserved 425984K
}
Event: 38.072 GC heap after
{Heap after GC invocations=16 (full 0):
 garbage-first heap   total 89088K, used 46156K [0x0000000080000000, 0x0000000100000000)
  region size 1024K, 5 young (5120K), 5 survivors (5120K)
 Metaspace       used 52305K, committed 52800K, reserved 491520K
  class space    used 7364K, committed 7616K, reserved 425984K
}
Event: 38.949 GC heap before
{Heap before GC invocations=16 (full 0):
 garbage-first heap   total 89088K, used 71756K [0x0000000080000000, 0x0000000100000000)
  region size 1024K, 30 young (30720K), 5 survivors (5120K)
 Metaspace       used 54647K, committed 55232K, reserved 491520K
  class space    used 7771K, committed 8064K, reserved 425984K
}
Event: 38.958 GC heap after
{Heap after GC invocations=17 (full 0):
 garbage-first heap   total 89088K, used 48129K [0x0000000080000000, 0x0000000100000000)
  region size 1024K, 2 young (2048K), 2 survivors (2048K)
 Metaspace       used 54647K, committed 55232K, reserved 491520K
  class space    used 7771K, committed 8064K, reserved 425984K
}
Event: 39.664 GC heap before
{Heap before GC invocations=18 (full 0):
 garbage-first heap   total 89088K, used 77825K [0x0000000080000000, 0x0000000100000000)
  region size 1024K, 24 young (24576K), 2 survivors (2048K)
 Metaspace       used 56749K, committed 57344K, reserved 491520K
  class space    used 8087K, committed 8384K, reserved 425984K
}
Event: 39.667 GC heap after
{Heap after GC invocations=19 (full 0):
 garbage-first heap   total 89088K, used 57837K [0x0000000080000000, 0x0000000100000000)
  region size 1024K, 4 young (4096K), 4 survivors (4096K)
 Metaspace       used 56749K, committed 57344K, reserved 491520K
  class space    used 8087K, committed 8384K, reserved 425984K
}
Event: 39.700 GC heap before
{Heap before GC invocations=19 (full 0):
 garbage-first heap   total 89088K, used 62957K [0x0000000080000000, 0x0000000100000000)
  region size 1024K, 5 young (5120K), 4 survivors (4096K)
 Metaspace       used 56794K, committed 57408K, reserved 491520K
  class space    used 8094K, committed 8384K, reserved 425984K
}
Event: 39.703 GC heap after
{Heap after GC invocations=20 (full 0):
 garbage-first heap   total 89088K, used 62517K [0x0000000080000000, 0x0000000100000000)
  region size 1024K, 1 young (1024K), 1 survivors (1024K)
 Metaspace       used 56794K, committed 57408K, reserved 491520K
  class space    used 8094K, committed 8384K, reserved 425984K
}
Event: 40.003 GC heap before
{Heap before GC invocations=20 (full 0):
 garbage-first heap   total 89088K, used 73781K [0x0000000080000000, 0x0000000100000000)
  region size 1024K, 12 young (12288K), 1 survivors (1024K)
 Metaspace       used 57557K, committed 58176K, reserved 491520K
  class space    used 8198K, committed 8512K, reserved 425984K
}
Event: 40.005 GC heap after
{Heap after GC invocations=21 (full 0):
 garbage-first heap   total 89088K, used 62742K [0x0000000080000000, 0x0000000100000000)
  region size 1024K, 1 young (1024K), 1 survivors (1024K)
 Metaspace       used 57557K, committed 58176K, reserved 491520K
  class space    used 8198K, committed 8512K, reserved 425984K
}
Event: 40.195 GC heap before
{Heap before GC invocations=22 (full 0):
 garbage-first heap   total 111616K, used 74006K [0x0000000080000000, 0x0000000100000000)
  region size 1024K, 13 young (13312K), 1 survivors (1024K)
 Metaspace       used 58731K, committed 59392K, reserved 491520K
  class space    used 8341K, committed 8640K, reserved 425984K
}
Event: 40.198 GC heap after
{Heap after GC invocations=23 (full 0):
 garbage-first heap   total 111616K, used 63697K [0x0000000080000000, 0x0000000100000000)
  region size 1024K, 2 young (2048K), 2 survivors (2048K)
 Metaspace       used 58731K, committed 59392K, reserved 491520K
  class space    used 8341K, committed 8640K, reserved 425984K
}
Event: 40.279 GC heap before
{Heap before GC invocations=23 (full 0):
 garbage-first heap   total 111616K, used 66769K [0x0000000080000000, 0x0000000100000000)
  region size 1024K, 5 young (5120K), 2 survivors (2048K)
 Metaspace       used 58864K, committed 59520K, reserved 491520K
  class space    used 8356K, committed 8640K, reserved 425984K
}
Event: 40.282 GC heap after
{Heap after GC invocations=24 (full 0):
 garbage-first heap   total 111616K, used 63480K [0x0000000080000000, 0x0000000100000000)
  region size 1024K, 1 young (1024K), 1 survivors (1024K)
 Metaspace       used 58864K, committed 59520K, reserved 491520K
  class space    used 8356K, committed 8640K, reserved 425984K
}
Event: 40.764 GC heap before
{Heap before GC invocations=24 (full 0):
 garbage-first heap   total 111616K, used 93176K [0x0000000080000000, 0x0000000100000000)
  region size 1024K, 30 young (30720K), 1 survivors (1024K)
 Metaspace       used 60615K, committed 61248K, reserved 491520K
  class space    used 8601K, committed 8896K, reserved 425984K
}
Event: 40.766 GC heap after
{Heap after GC invocations=25 (full 0):
 garbage-first heap   total 111616K, used 64537K [0x0000000080000000, 0x0000000100000000)
  region size 1024K, 2 young (2048K), 2 survivors (2048K)
 Metaspace       used 60615K, committed 61248K, reserved 491520K
  class space    used 8601K, committed 8896K, reserved 425984K
}
Event: 41.167 GC heap before
{Heap before GC invocations=26 (full 0):
 garbage-first heap   total 116736K, used 92185K [0x0000000080000000, 0x0000000100000000)
  region size 1024K, 29 young (29696K), 2 survivors (2048K)
 Metaspace       used 61767K, committed 62336K, reserved 491520K
  class space    used 8758K, committed 9024K, reserved 425984K
}
Event: 41.171 GC heap after
{Heap after GC invocations=27 (full 0):
 garbage-first heap   total 116736K, used 67638K [0x0000000080000000, 0x0000000100000000)
  region size 1024K, 4 young (4096K), 4 survivors (4096K)
 Metaspace       used 61767K, committed 62336K, reserved 491520K
  class space    used 8758K, committed 9024K, reserved 425984K
}
Event: 41.182 GC heap before
{Heap before GC invocations=27 (full 0):
 garbage-first heap   total 116736K, used 68662K [0x0000000080000000, 0x0000000100000000)
  region size 1024K, 5 young (5120K), 4 survivors (4096K)
 Metaspace       used 61767K, committed 62336K, reserved 491520K
  class space    used 8758K, committed 9024K, reserved 425984K
}
Event: 41.187 GC heap after
{Heap after GC invocations=28 (full 0):
 garbage-first heap   total 156672K, used 67591K [0x0000000080000000, 0x0000000100000000)
  region size 1024K, 1 young (1024K), 1 survivors (1024K)
 Metaspace       used 61767K, committed 62336K, reserved 491520K
  class space    used 8758K, committed 9024K, reserved 425984K
}

Deoptimization events (20 events):
Event: 40.169 Thread 0x000001ff4a58c0c0 Uncommon trap: trap_request=0xffffffde fr.pc=0x000001ff1bd7fd14 relative=0x00000000000005b4
Event: 40.169 Thread 0x000001ff4a58c0c0 Uncommon trap: reason=class_check action=maybe_recompile pc=0x000001ff1bd7fd14 method=kotlin.reflect.jvm.internal.impl.protobuf.CodedInputStream.tryRefillBuffer(I)Z @ 175 c2
Event: 40.169 Thread 0x000001ff4a58c0c0 DEOPT PACKING pc=0x000001ff1bd7fd14 sp=0x0000008edf0f4680
Event: 40.169 Thread 0x000001ff4a58c0c0 DEOPT UNPACKING pc=0x000001ff1b4923a3 sp=0x0000008edf0f4568 mode 2
Event: 40.170 Thread 0x000001ff4a58c0c0 Uncommon trap: trap_request=0xffffffde fr.pc=0x000001ff1bd7fd14 relative=0x00000000000005b4
Event: 40.170 Thread 0x000001ff4a58c0c0 Uncommon trap: reason=class_check action=maybe_recompile pc=0x000001ff1bd7fd14 method=kotlin.reflect.jvm.internal.impl.protobuf.CodedInputStream.tryRefillBuffer(I)Z @ 175 c2
Event: 40.170 Thread 0x000001ff4a58c0c0 DEOPT PACKING pc=0x000001ff1bd7fd14 sp=0x0000008edf0f4770
Event: 40.170 Thread 0x000001ff4a58c0c0 DEOPT UNPACKING pc=0x000001ff1b4923a3 sp=0x0000008edf0f4658 mode 2
Event: 40.171 Thread 0x000001ff4a58c0c0 Uncommon trap: trap_request=0xffffffde fr.pc=0x000001ff1bd7fd14 relative=0x00000000000005b4
Event: 40.171 Thread 0x000001ff4a58c0c0 Uncommon trap: reason=class_check action=maybe_recompile pc=0x000001ff1bd7fd14 method=kotlin.reflect.jvm.internal.impl.protobuf.CodedInputStream.tryRefillBuffer(I)Z @ 175 c2
Event: 40.171 Thread 0x000001ff4a58c0c0 DEOPT PACKING pc=0x000001ff1bd7fd14 sp=0x0000008edf0f4770
Event: 40.171 Thread 0x000001ff4a58c0c0 DEOPT UNPACKING pc=0x000001ff1b4923a3 sp=0x0000008edf0f4658 mode 2
Event: 41.411 Thread 0x000001ff4a58c0c0 Uncommon trap: trap_request=0xffffff45 fr.pc=0x000001ff1bccd9b4 relative=0x0000000000000f94
Event: 41.411 Thread 0x000001ff4a58c0c0 Uncommon trap: reason=unstable_if action=reinterpret pc=0x000001ff1bccd9b4 method=org.objectweb.asm.Frame.execute(IILorg/objectweb/asm/Symbol;Lorg/objectweb/asm/SymbolTable;)V @ 1 c2
Event: 41.411 Thread 0x000001ff4a58c0c0 DEOPT PACKING pc=0x000001ff1bccd9b4 sp=0x0000008edf0f4980
Event: 41.411 Thread 0x000001ff4a58c0c0 DEOPT UNPACKING pc=0x000001ff1b4923a3 sp=0x0000008edf0f4928 mode 2
Event: 41.589 Thread 0x000001ff4a58c0c0 Uncommon trap: trap_request=0xffffffdc fr.pc=0x000001ff1bdcb370 relative=0x00000000000002d0
Event: 41.589 Thread 0x000001ff4a58c0c0 Uncommon trap: reason=class_check action=make_not_entrant pc=0x000001ff1bdcb370 method=java.util.ArrayList.toArray([Ljava/lang/Object;)[Ljava/lang/Object; @ 21 c2
Event: 41.589 Thread 0x000001ff4a58c0c0 DEOPT PACKING pc=0x000001ff1bdcb370 sp=0x0000008edf0f5f80
Event: 41.589 Thread 0x000001ff4a58c0c0 DEOPT UNPACKING pc=0x000001ff1b4923a3 sp=0x0000008edf0f5f50 mode 2

Classes unloaded (0 events):
No events

Classes redefined (0 events):
No events

Internal exceptions (20 events):
Event: 39.198 Thread 0x000001ff4a58c0c0 Exception <a 'java/lang/NoSuchMethodError'{0x0000000084e72748}: static Lorg/jetbrains/kotlin/gradle/plugin/internal/DefaultMppTestReportHelperVariantFactory;.<clinit>()V> (0x0000000084e72748) 
thrown [s\open\src\hotspot\share\prims\jni.cpp, line 1112]
Event: 39.200 Thread 0x000001ff4a58c0c0 Exception <a 'java/lang/NoSuchMethodError'{0x0000000084ea58d0}: static Lorg/jetbrains/kotlin/gradle/plugin/internal/DefaultConfigurationCacheStartParameterAccessorVariantFactory;.<clinit>()V> (0x0000000084ea58d0) 
thrown [s\open\src\hotspot\share\prims\jni.cpp, line 1112]
Event: 39.202 Thread 0x000001ff4a58c0c0 Exception <a 'java/lang/NoSuchMethodError'{0x0000000084ecb038}: static Lorg/jetbrains/kotlin/gradle/plugin/internal/MavenPluginConfigurator$DefaultMavenPluginConfiguratorVariantFactory;.<clinit>()V> (0x0000000084ecb038) 
thrown [s\open\src\hotspot\share\prims\jni.cpp, line 1112]
Event: 39.204 Thread 0x000001ff4a58c0c0 Exception <a 'java/lang/NoSuchMethodError'{0x0000000084eee7c8}: static Lorg/jetbrains/kotlin/gradle/targets/js/nodejs/DefaultUnameExecutorVariantFactory;.<clinit>()V> (0x0000000084eee7c8) 
thrown [s\open\src\hotspot\share\prims\jni.cpp, line 1112]
Event: 39.206 Thread 0x000001ff4a58c0c0 Exception <a 'java/lang/NoSuchMethodError'{0x0000000084d12e98}: static Lorg/jetbrains/kotlin/gradle/plugin/internal/DefaultBasePluginConfigurationVariantFactory;.<clinit>()V> (0x0000000084d12e98) 
thrown [s\open\src\hotspot\share\prims\jni.cpp, line 1112]
Event: 39.269 Thread 0x000001ff4a58c0c0 Exception <a 'java/lang/IncompatibleClassChangeError'{0x0000000084de1960}: Found class java.lang.Object, but interface was expected> (0x0000000084de1960) 
thrown [s\open\src\hotspot\share\interpreter\linkResolver.cpp, line 826]
Event: 39.739 Thread 0x000001ff4a58c0c0 Implicit null exception at 0x000001ff1bcf67e0 to 0x000001ff1bcf698c
Event: 40.884 Thread 0x000001ff4a58c0c0 Exception <a 'java/lang/ClassNotFoundException'{0x00000000868d3018}: org/jetbrains/kotlin/gradle/targets/js/npm/DefaultNpmDependencyExtensionBeanInfo> (0x00000000868d3018) 
thrown [s\open\src\hotspot\share\classfile\systemDictionary.cpp, line 256]
Event: 40.884 Thread 0x000001ff4a58c0c0 Exception <a 'java/lang/ClassNotFoundException'{0x00000000868e76e0}: org/jetbrains/kotlin/gradle/targets/js/npm/DefaultNpmDependencyExtensionCustomizer> (0x00000000868e76e0) 
thrown [s\open\src\hotspot\share\classfile\systemDictionary.cpp, line 256]
Event: 40.890 Thread 0x000001ff4a58c0c0 Exception <a 'java/lang/ClassNotFoundException'{0x000000008679a688}: org/jetbrains/kotlin/gradle/targets/js/npm/NpmDependencyExtensionKt$defaultNpmDependencyDelegate$1BeanInfo> (0x000000008679a688) 
thrown [s\open\src\hotspot\share\classfile\systemDictionary.cpp, line 256]
Event: 40.891 Thread 0x000001ff4a58c0c0 Exception <a 'java/lang/ClassNotFoundException'{0x00000000867af028}: org/jetbrains/kotlin/gradle/targets/js/npm/NpmDependencyExtensionDelegateBeanInfo> (0x00000000867af028) 
thrown [s\open\src\hotspot\share\classfile\systemDictionary.cpp, line 256]
Event: 40.891 Thread 0x000001ff4a58c0c0 Exception <a 'java/lang/ClassNotFoundException'{0x00000000867c39f8}: org/jetbrains/kotlin/gradle/targets/js/npm/NpmDependencyExtensionDelegateCustomizer> (0x00000000867c39f8) 
thrown [s\open\src\hotspot\share\classfile\systemDictionary.cpp, line 256]
Event: 40.893 Thread 0x000001ff4a58c0c0 Exception <a 'java/lang/ClassNotFoundException'{0x00000000867ff358}: org/jetbrains/kotlin/gradle/targets/js/npm/NpmDependencyExtensionKt$defaultNpmDependencyDelegate$1Customizer> (0x00000000867ff358) 
thrown [s\open\src\hotspot\share\classfile\systemDictionary.cpp, line 256]
Event: 40.896 Thread 0x000001ff4a58c0c0 Exception <a 'java/lang/ClassNotFoundException'{0x0000000086651fd0}: org/jetbrains/kotlin/gradle/targets/js/npm/DefaultDevNpmDependencyExtensionBeanInfo> (0x0000000086651fd0) 
thrown [s\open\src\hotspot\share\classfile\systemDictionary.cpp, line 256]
Event: 40.897 Thread 0x000001ff4a58c0c0 Exception <a 'java/lang/ClassNotFoundException'{0x0000000086666700}: org/jetbrains/kotlin/gradle/targets/js/npm/DefaultDevNpmDependencyExtensionCustomizer> (0x0000000086666700) 
thrown [s\open\src\hotspot\share\classfile\systemDictionary.cpp, line 256]
Event: 40.900 Thread 0x000001ff4a58c0c0 Exception <a 'java/lang/ClassNotFoundException'{0x00000000866c0db8}: org/jetbrains/kotlin/gradle/targets/js/npm/DefaultPeerNpmDependencyExtensionBeanInfo> (0x00000000866c0db8) 
thrown [s\open\src\hotspot\share\classfile\systemDictionary.cpp, line 256]
Event: 40.901 Thread 0x000001ff4a58c0c0 Exception <a 'java/lang/ClassNotFoundException'{0x00000000866d54f0}: org/jetbrains/kotlin/gradle/targets/js/npm/DefaultPeerNpmDependencyExtensionCustomizer> (0x00000000866d54f0) 
thrown [s\open\src\hotspot\share\classfile\systemDictionary.cpp, line 256]
Event: 40.904 Thread 0x000001ff4a58c0c0 Exception <a 'java/lang/ClassNotFoundException'{0x000000008653d978}: org/jetbrains/kotlin/gradle/targets/js/npm/DefaultPeerNpmDependencyExtension$delegate$1BeanInfo> (0x000000008653d978) 
thrown [s\open\src\hotspot\share\classfile\systemDictionary.cpp, line 256]
Event: 40.904 Thread 0x000001ff4a58c0c0 Exception <a 'java/lang/ClassNotFoundException'{0x0000000086552508}: org/jetbrains/kotlin/gradle/targets/js/npm/DefaultPeerNpmDependencyExtension$delegate$1Customizer> (0x0000000086552508) 
thrown [s\open\src\hotspot\share\classfile\systemDictionary.cpp, line 256]
Event: 40.949 Thread 0x000001ff4a58c0c0 Exception <a 'java/lang/NoSuchMethodError'{0x00000000864bf818}: static Lorg/jetbrains/kotlin/gradle/plugin/internal/DefaultIdeaSyncDetector$createIdeaPropertiesEvaluator$1;.<clinit>()V> (0x00000000864bf818) 
thrown [s\open\src\hotspot\share\prims\jni.cpp, line 1112]

VM Operations (20 events):
Event: 40.632 Executing VM operation: HandshakeAllThreads
Event: 40.632 Executing VM operation: HandshakeAllThreads done
Event: 40.764 Executing VM operation: G1CollectForAllocation
Event: 40.766 Executing VM operation: G1CollectForAllocation done
Event: 40.808 Executing VM operation: G1Concurrent
Event: 40.811 Executing VM operation: G1Concurrent done
Event: 40.832 Executing VM operation: G1Concurrent
Event: 40.832 Executing VM operation: G1Concurrent done
Event: 41.167 Executing VM operation: G1CollectForAllocation
Event: 41.171 Executing VM operation: G1CollectForAllocation done
Event: 41.182 Executing VM operation: G1CollectForAllocation
Event: 41.187 Executing VM operation: G1CollectForAllocation done
Event: 41.705 Executing VM operation: ICBufferFull
Event: 41.705 Executing VM operation: ICBufferFull done
Event: 41.724 Executing VM operation: HandshakeAllThreads
Event: 41.724 Executing VM operation: HandshakeAllThreads done
Event: 42.740 Executing VM operation: Cleanup
Event: 42.740 Executing VM operation: Cleanup done
Event: 43.754 Executing VM operation: Cleanup
Event: 43.755 Executing VM operation: Cleanup done

Events (20 events):
Event: 39.513 loading class com/sun/jmx/mbeanserver/StandardMBeanIntrospector
Event: 39.514 loading class com/sun/jmx/mbeanserver/StandardMBeanIntrospector done
Event: 39.535 Thread 0x000001ff4c14dd40 Thread added: 0x000001ff4c14dd40
Event: 39.736 loading class sun/reflect/misc/MethodUtil
Event: 39.737 loading class sun/reflect/misc/MethodUtil done
Event: 39.737 loading class sun/reflect/misc/MethodUtil$1
Event: 39.738 loading class sun/reflect/misc/MethodUtil$1 done
Event: 40.154 loading class java/lang/Override
Event: 40.154 loading class java/lang/Override done
Event: 40.307 Thread 0x000001ff4bdc9730 Thread exited: 0x000001ff4bdc9730
Event: 40.353 loading class java/util/regex/Pattern$Pos
Event: 40.353 loading class java/util/regex/Pattern$Pos done
Event: 40.631 loading class java/util/AbstractList$ListItr
Event: 40.632 loading class java/util/AbstractList$ListItr done
Event: 40.729 loading class java/util/regex/Pattern$1
Event: 40.730 loading class java/util/regex/Pattern$1 done
Event: 41.055 Thread 0x000001ff4b4ba9c0 Thread added: 0x000001ff4b4ba9c0
Event: 41.729 Thread 0x000001ff2aa00090 flushing nmethod 0x000001ff142fe610
Event: 42.937 loading class jdk/internal/access/foreign/MemorySegmentProxy
Event: 42.937 loading class jdk/internal/access/foreign/MemorySegmentProxy done


Dynamic libraries:
0x00007ff6171e0000 - 0x00007ff6171f0000 	C:\Program Files\Java\jdk-17\bin\java.exe
0x00007ffe430c0000 - 0x00007ffe43325000 	C:\WINDOWS\SYSTEM32\ntdll.dll
0x00007ffe40ff0000 - 0x00007ffe410b9000 	C:\WINDOWS\System32\KERNEL32.DLL
0x00007ffe40300000 - 0x00007ffe406e8000 	C:\WINDOWS\System32\KERNELBASE.dll
0x00007ffe40970000 - 0x00007ffe40abb000 	C:\WINDOWS\System32\ucrtbase.dll
0x00007ffe1e940000 - 0x00007ffe1e95b000 	C:\Program Files\Java\jdk-17\bin\VCRUNTIME140.dll
0x00007ffe2eaf0000 - 0x00007ffe2eb09000 	C:\Program Files\Java\jdk-17\bin\jli.dll
0x00007ffe41c60000 - 0x00007ffe41d13000 	C:\WINDOWS\System32\ADVAPI32.dll
0x00007ffe42500000 - 0x00007ffe425a9000 	C:\WINDOWS\System32\msvcrt.dll
0x00007ffe425b0000 - 0x00007ffe42656000 	C:\WINDOWS\System32\sechost.dll
0x00007ffe40e70000 - 0x00007ffe40f85000 	C:\WINDOWS\System32\RPCRT4.dll
0x00007ffe42eb0000 - 0x00007ffe4307a000 	C:\WINDOWS\System32\USER32.dll
0x00007ffe269b0000 - 0x00007ffe26c4a000 	C:\WINDOWS\WinSxS\amd64_microsoft.windows.common-controls_6595b64144ccf1df_6.0.26100.4202_none_3e0698d4e335f517\COMCTL32.dll
0x00007ffe40210000 - 0x00007ffe40237000 	C:\WINDOWS\System32\win32u.dll
0x00007ffe412a0000 - 0x00007ffe412cb000 	C:\WINDOWS\System32\GDI32.dll
0x00007ffe407a0000 - 0x00007ffe408d7000 	C:\WINDOWS\System32\gdi32full.dll
0x00007ffe406f0000 - 0x00007ffe40793000 	C:\WINDOWS\System32\msvcp_win.dll
0x00007ffe33170000 - 0x00007ffe3317b000 	C:\WINDOWS\SYSTEM32\VERSION.dll
0x00007ffe42b70000 - 0x00007ffe42ba0000 	C:\WINDOWS\System32\IMM32.DLL
0x00007ffe34d20000 - 0x00007ffe34d2c000 	C:\Program Files\Java\jdk-17\bin\vcruntime140_1.dll
0x00007ffe147c0000 - 0x00007ffe1484e000 	C:\Program Files\Java\jdk-17\bin\msvcp140.dll
0x00007ffdc1670000 - 0x00007ffdc2251000 	C:\Program Files\Java\jdk-17\bin\server\jvm.dll
0x00007ffe42af0000 - 0x00007ffe42af8000 	C:\WINDOWS\System32\PSAPI.DLL
0x00007ffe316b0000 - 0x00007ffe316ba000 	C:\WINDOWS\SYSTEM32\WSOCK32.dll
0x00007ffe42ca0000 - 0x00007ffe42d14000 	C:\WINDOWS\System32\WS2_32.dll
0x00007ffe2e9b0000 - 0x00007ffe2e9e5000 	C:\WINDOWS\SYSTEM32\WINMM.dll
0x00007ffe3efd0000 - 0x00007ffe3efeb000 	C:\WINDOWS\SYSTEM32\kernel.appcore.dll
0x00007ffe20320000 - 0x00007ffe2032a000 	C:\Program Files\Java\jdk-17\bin\jimage.dll
0x00007ffe3d810000 - 0x00007ffe3da51000 	C:\WINDOWS\SYSTEM32\DBGHELP.DLL
0x00007ffe41d20000 - 0x00007ffe420a5000 	C:\WINDOWS\System32\combase.dll
0x00007ffe42bb0000 - 0x00007ffe42c91000 	C:\WINDOWS\System32\OLEAUT32.dll
0x00007ffe1d9d0000 - 0x00007ffe1da09000 	C:\WINDOWS\SYSTEM32\dbgcore.DLL
0x00007ffe40c40000 - 0x00007ffe40cd9000 	C:\WINDOWS\System32\bcryptPrimitives.dll
0x00007ffe1d910000 - 0x00007ffe1d91e000 	C:\Program Files\Java\jdk-17\bin\instrument.dll
0x00007ffe1a350000 - 0x00007ffe1a375000 	C:\Program Files\Java\jdk-17\bin\java.dll
0x00007ffdf2c10000 - 0x00007ffdf2ce7000 	C:\Program Files\Java\jdk-17\bin\jsvml.dll
0x00007ffe41450000 - 0x00007ffe41b92000 	C:\WINDOWS\System32\SHELL32.dll
0x00007ffe40ac0000 - 0x00007ffe40c34000 	C:\WINDOWS\System32\wintypes.dll
0x00007ffe3deb0000 - 0x00007ffe3e708000 	C:\WINDOWS\SYSTEM32\windows.storage.dll
0x00007ffe42db0000 - 0x00007ffe42ea1000 	C:\WINDOWS\System32\SHCORE.dll
0x00007ffe42b00000 - 0x00007ffe42b6a000 	C:\WINDOWS\System32\shlwapi.dll
0x00007ffe40120000 - 0x00007ffe4014f000 	C:\WINDOWS\SYSTEM32\profapi.dll
0x00007ffe1a330000 - 0x00007ffe1a348000 	C:\Program Files\Java\jdk-17\bin\zip.dll
0x00007ffe1df30000 - 0x00007ffe1df49000 	C:\Program Files\Java\jdk-17\bin\net.dll
0x00007ffe34300000 - 0x00007ffe3441e000 	C:\WINDOWS\SYSTEM32\WINHTTP.dll
0x00007ffe3f540000 - 0x00007ffe3f5aa000 	C:\WINDOWS\system32\mswsock.dll
0x00007ffe1dcd0000 - 0x00007ffe1dce6000 	C:\Program Files\Java\jdk-17\bin\nio.dll
0x00007ffe20140000 - 0x00007ffe20150000 	C:\Program Files\Java\jdk-17\bin\verify.dll
0x00007ffe15b30000 - 0x00007ffe15b57000 	C:\Users\Company\.gradle\native\c067742578af261105cb4f569cf0c3c89f3d7b1fecec35dd04571415982c5e48\windows-amd64\native-platform.dll
0x00007ffdd7120000 - 0x00007ffdd7264000 	C:\Users\Company\.gradle\native\100fb08df4bc3b14c8652ba06237920a3bd2aa13389f12d3474272988ae205f9\windows-amd64\native-platform-file-events.dll
0x00007ffe1e170000 - 0x00007ffe1e17a000 	C:\Program Files\Java\jdk-17\bin\management.dll
0x00007ffe1d9a0000 - 0x00007ffe1d9ab000 	C:\Program Files\Java\jdk-17\bin\management_ext.dll
0x00007ffe3f7f0000 - 0x00007ffe3f80b000 	C:\WINDOWS\SYSTEM32\CRYPTSP.dll
0x00007ffe3ef30000 - 0x00007ffe3ef6a000 	C:\WINDOWS\system32\rsaenh.dll
0x00007ffe3f5e0000 - 0x00007ffe3f60b000 	C:\WINDOWS\SYSTEM32\USERENV.dll
0x00007ffe400f0000 - 0x00007ffe40116000 	C:\WINDOWS\SYSTEM32\bcrypt.dll
0x00007ffe3f810000 - 0x00007ffe3f81c000 	C:\WINDOWS\SYSTEM32\CRYPTBASE.dll
0x00007ffe3ea00000 - 0x00007ffe3ea33000 	C:\WINDOWS\SYSTEM32\IPHLPAPI.DLL
0x00007ffe41440000 - 0x00007ffe4144a000 	C:\WINDOWS\System32\NSI.dll
0x00007ffe33be0000 - 0x00007ffe33bff000 	C:\WINDOWS\SYSTEM32\dhcpcsvc6.DLL
0x00007ffe339d0000 - 0x00007ffe339f5000 	C:\WINDOWS\SYSTEM32\dhcpcsvc.DLL
0x00007ffe3eaf0000 - 0x00007ffe3ec17000 	C:\WINDOWS\SYSTEM32\DNSAPI.dll
0x00007ffe18ce0000 - 0x00007ffe18cee000 	C:\Program Files\Java\jdk-17\bin\sunmscapi.dll
0x00007ffe40ce0000 - 0x00007ffe40e57000 	C:\WINDOWS\System32\CRYPT32.dll
0x00007ffe3fa10000 - 0x00007ffe3fa40000 	C:\WINDOWS\SYSTEM32\ncrypt.dll
0x00007ffe3f9c0000 - 0x00007ffe3f9ff000 	C:\WINDOWS\SYSTEM32\NTASN1.dll
0x00007ffe36ef0000 - 0x00007ffe36ef8000 	C:\WINDOWS\system32\wshunix.dll

dbghelp: loaded successfully - version: 4.0.5 - missing functions: none
symbol engine: initialized successfully - sym options: 0x614 - pdb path: .;C:\Program Files\Java\jdk-17\bin;C:\WINDOWS\SYSTEM32;C:\WINDOWS\WinSxS\amd64_microsoft.windows.common-controls_6595b64144ccf1df_6.0.26100.4202_none_3e0698d4e335f517;C:\Program Files\Java\jdk-17\bin\server;C:\Users\Company\.gradle\native\c067742578af261105cb4f569cf0c3c89f3d7b1fecec35dd04571415982c5e48\windows-amd64;C:\Users\Company\.gradle\native\100fb08df4bc3b14c8652ba06237920a3bd2aa13389f12d3474272988ae205f9\windows-amd64

VM Arguments:
jvm_args: -XX:MaxMetaspaceSize=512m --add-opens=java.base/java.util=ALL-UNNAMED --add-opens=java.base/java.lang=ALL-UNNAMED --add-opens=java.base/java.lang.invoke=ALL-UNNAMED --add-opens=java.prefs/java.util.prefs=ALL-UNNAMED --add-opens=java.base/java.nio.charset=ALL-UNNAMED --add-opens=java.base/java.net=ALL-UNNAMED --add-opens=java.base/java.util.concurrent.atomic=ALL-UNNAMED -Xmx2048m -Dfile.encoding=windows-1252 -Duser.country=US -Duser.language=en -Duser.variant -javaagent:C:\Users\Company\.gradle\wrapper\dists\gradle-8.8-all\6gdy1pgp427xkqcjbxw3ylt6h\gradle-8.8\lib\agents\gradle-instrumentation-agent-8.8.jar 
java_command: org.gradle.launcher.daemon.bootstrap.GradleDaemon 8.8
java_class_path (initial): C:\Users\Company\.gradle\wrapper\dists\gradle-8.8-all\6gdy1pgp427xkqcjbxw3ylt6h\gradle-8.8\lib\gradle-launcher-8.8.jar
Launcher Type: SUN_STANDARD

[Global flags]
     intx CICompilerCount                          = 4                                         {product} {ergonomic}
   size_t CompressedClassSpaceSize                 = 436207616                                 {product} {ergonomic}
     uint ConcGCThreads                            = 2                                         {product} {ergonomic}
     uint G1ConcRefinementThreads                  = 8                                         {product} {ergonomic}
   size_t G1HeapRegionSize                         = 1048576                                   {product} {ergonomic}
    uintx GCDrainStackTargetSize                   = 64                                        {product} {ergonomic}
   size_t InitialHeapSize                          = 132120576                                 {product} {ergonomic}
   size_t MarkStackSize                            = 4194304                                   {product} {ergonomic}
   size_t MaxHeapSize                              = 2147483648                                {product} {command line}
   size_t MaxMetaspaceSize                         = 536870912                                 {product} {command line}
   size_t MaxNewSize                               = 1287651328                                {product} {ergonomic}
   size_t MinHeapDeltaBytes                        = 1048576                                   {product} {ergonomic}
   size_t MinHeapSize                              = 8388608                                   {product} {ergonomic}
    uintx NonNMethodCodeHeapSize                   = 5839372                                {pd product} {ergonomic}
    uintx NonProfiledCodeHeapSize                  = 122909434                              {pd product} {ergonomic}
    uintx ProfiledCodeHeapSize                     = 122909434                              {pd product} {ergonomic}
    uintx ReservedCodeCacheSize                    = 251658240                              {pd product} {ergonomic}
     bool SegmentedCodeCache                       = true                                      {product} {ergonomic}
   size_t SoftMaxHeapSize                          = 2147483648                             {manageable} {ergonomic}
     bool UseCompressedClassPointers               = true                           {product lp64_product} {ergonomic}
     bool UseCompressedOops                        = true                           {product lp64_product} {ergonomic}
     bool UseG1GC                                  = true                                      {product} {ergonomic}
     bool UseLargePagesIndividualAllocation        = false                                  {pd product} {ergonomic}

Logging:
Log output configuration:
 #0: stdout all=warning uptime,level,tags
 #1: stderr all=off uptime,level,tags

Environment Variables:
JAVA_HOME=C:\Program Files\Java\jdk-17
CLASSPATH=D:\ClinicApp\clinicapp\MeddocClinic\android\\gradle\wrapper\gradle-wrapper.jar
PATH=D:\ClinicApp\clinicapp\MeddocClinic\node_modules\.bin;D:\ClinicApp\clinicapp\MeddocClinic\node_modules\.bin;D:\ClinicApp\clinicapp\node_modules\.bin;D:\ClinicApp\node_modules\.bin;D:\node_modules\.bin;C:\Program Files\nodejs\node_modules\npm\node_modules\@npmcli\run-script\lib\node-gyp-bin;C:\Program Files\Common Files\Oracle\Java\javapath;C:\WINDOWS\system32;C:\WINDOWS;C:\WINDOWS\System32\Wbem;C:\WINDOWS\System32\WindowsPowerShell\v1.0\;C:\WINDOWS\System32\OpenSSH\;C:\Program Files\Cloudflare\Cloudflare WARP\;C:\Program Files\nodejs\;C:\xampp\php;C:\ProgramData\ComposerSetup\bin;C:\Users\Company\AppData\Roaming\npm;C:\Program Files\Java\jdk-17\bin;C:\Program Files\Git\cmd;C:\Users\Company\AppData\Local\Microsoft\WindowsApps;C:\Users\Company\AppData\Local\Programs\Microsoft VS Code\bin;C:\Users\Company\AppData\Roaming\npm;C:\Users\Company\AppData\Roaming\Composer\vendor\bin;C:\Users\Company\AppData\Local\Android\Sdk\platform-tools;C:\Users\Company\AppData\Local\GitHubDesktop\bin
USERNAME=Company
LANG=en_US.UTF-8
OS=Windows_NT
PROCESSOR_IDENTIFIER=Intel64 Family 6 Model 142 Stepping 10, GenuineIntel



---------------  S Y S T E M  ---------------

OS:
 Windows 11 , 64 bit Build 26100 (10.0.26100.4202)
OS uptime: 2 days 5:32 hours

CPU: total 8 (initial active 8) (4 cores per cpu, 2 threads per core) family 6 model 142 stepping 10 microcode 0xf6, cx8, cmov, fxsr, ht, mmx, 3dnowpref, sse, sse2, sse3, ssse3, sse4.1, sse4.2, popcnt, lzcnt, tsc, tscinvbit, avx, avx2, aes, erms, clmul, bmi1, bmi2, adx, fma, vzeroupper, clflush, clflushopt

Memory: 4k page, system-wide physical 8035M (534M free)
TotalPageFile size 28282M (AvailPageFile size 4M)
current process WorkingSet (physical memory assigned to process): 338M, peak: 338M
current process commit charge ("private bytes"): 391M, peak: 392M

vm_info: Java HotSpot(TM) 64-Bit Server VM (17.0.15+9-LTS-241) for windows-amd64 JRE (17.0.15+9-LTS-241), built on Feb 20 2025 10:49:54 by "mach5one" with MS VC++ 17.6 (VS2022)

END.
